Analysis & Synthesis report for DSS
Thu Dec 07 11:47:48 2023
Quartus II 64-Bit Version 13.0.1 Build 232 06/12/2013 Service Pack 1 SJ Web Edition


---------------------
; Table of Contents ;
---------------------
  1. Legal Notice
  2. Analysis & Synthesis Summary
  3. Analysis & Synthesis Settings
  4. Parallel Compilation
  5. Analysis & Synthesis Source Files Read
  6. Analysis & Synthesis Resource Usage Summary
  7. Analysis & Synthesis Resource Utilization by Entity
  8. Analysis & Synthesis RAM Summary
  9. General Register Statistics
 10. Source assignments for LPM_ROM:MyROM|altrom:srom|altsyncram:rom_block|altsyncram_2b01:auto_generated
 11. Parameter Settings for User Entity Instance: LPM_ADD_SUB:myADD
 12. Parameter Settings for User Entity Instance: LPM_FF:myFF
 13. Parameter Settings for User Entity Instance: LPM_ROM:MyROM
 14. Elapsed Time Per Partition
 15. Analysis & Synthesis Messages



----------------
; Legal Notice ;
----------------
Copyright (C) 1991-2013 Altera Corporation
Your use of Altera Corporation's design tools, logic functions 
and other software and tools, and its AMPP partner logic 
functions, and any output files from any of the foregoing 
(including device programming or simulation files), and any 
associated documentation or information are expressly subject 
to the terms and conditions of the Altera Program License 
Subscription Agreement, Altera MegaCore Function License 
Agreement, or other applicable license agreement, including, 
without limitation, that your use is for the sole purpose of 
programming logic devices manufactured by Altera and sold by 
Altera or its authorized distributors.  Please refer to the 
applicable agreement for further details.



+--------------------------------------------------------------------------------------+
; Analysis & Synthesis Summary                                                         ;
+------------------------------------+-------------------------------------------------+
; Analysis & Synthesis Status        ; Successful - Thu Dec 07 11:47:48 2023           ;
; Quartus II 64-Bit Version          ; 13.0.1 Build 232 06/12/2013 SP 1 SJ Web Edition ;
; Revision Name                      ; DSS                                             ;
; Top-level Entity Name              ; DSS                                             ;
; Family                             ; Cyclone III                                     ;
; Total logic elements               ; 5                                               ;
;     Total combinational functions  ; 5                                               ;
;     Dedicated logic registers      ; 5                                               ;
; Total registers                    ; 5                                               ;
; Total pins                         ; 19                                              ;
; Total virtual pins                 ; 0                                               ;
; Total memory bits                  ; 256                                             ;
; Embedded Multiplier 9-bit elements ; 0                                               ;
; Total PLLs                         ; 0                                               ;
+------------------------------------+-------------------------------------------------+


+----------------------------------------------------------------------------------------------------------------------+
; Analysis & Synthesis Settings                                                                                        ;
+----------------------------------------------------------------------------+--------------------+--------------------+
; Option                                                                     ; Setting            ; Default Value      ;
+----------------------------------------------------------------------------+--------------------+--------------------+
; Top-level entity name                                                      ; DSS                ; DSS                ;
; Family name                                                                ; Cyclone III        ; Cyclone IV GX      ;
; Use smart compilation                                                      ; Off                ; Off                ;
; Enable parallel Assembler and TimeQuest Timing Analyzer during compilation ; On                 ; On                 ;
; Enable compact report table                                                ; Off                ; Off                ;
; Restructure Multiplexers                                                   ; Auto               ; Auto               ;
; Create Debugging Nodes for IP Cores                                        ; Off                ; Off                ;
; Preserve fewer node names                                                  ; On                 ; On                 ;
; Disable OpenCore Plus hardware evaluation                                  ; Off                ; Off                ;
; Verilog Version                                                            ; Verilog_2001       ; Verilog_2001       ;
; VHDL Version                                                               ; VHDL_1993          ; VHDL_1993          ;
; State Machine Processing                                                   ; Auto               ; Auto               ;
; Safe State Machine                                                         ; Off                ; Off                ;
; Extract Verilog State Machines                                             ; On                 ; On                 ;
; Extract VHDL State Machines                                                ; On                 ; On                 ;
; Ignore Verilog initial constructs                                          ; Off                ; Off                ;
; Iteration limit for constant Verilog loops                                 ; 5000               ; 5000               ;
; Iteration limit for non-constant Verilog loops                             ; 250                ; 250                ;
; Add Pass-Through Logic to Inferred RAMs                                    ; On                 ; On                 ;
; Infer RAMs from Raw Logic                                                  ; On                 ; On                 ;
; Parallel Synthesis                                                         ; On                 ; On                 ;
; DSP Block Balancing                                                        ; Auto               ; Auto               ;
; NOT Gate Push-Back                                                         ; On                 ; On                 ;
; Power-Up Don't Care                                                        ; On                 ; On                 ;
; Remove Redundant Logic Cells                                               ; Off                ; Off                ;
; Remove Duplicate Registers                                                 ; On                 ; On                 ;
; Ignore CARRY Buffers                                                       ; Off                ; Off                ;
; Ignore CASCADE Buffers                                                     ; Off                ; Off                ;
; Ignore GLOBAL Buffers                                                      ; Off                ; Off                ;
; Ignore ROW GLOBAL Buffers                                                  ; Off                ; Off                ;
; Ignore LCELL Buffers                                                       ; Off                ; Off                ;
; Ignore SOFT Buffers                                                        ; On                 ; On                 ;
; Limit AHDL Integers to 32 Bits                                             ; Off                ; Off                ;
; Optimization Technique                                                     ; Balanced           ; Balanced           ;
; Carry Chain Length                                                         ; 70                 ; 70                 ;
; Auto Carry Chains                                                          ; On                 ; On                 ;
; Auto Open-Drain Pins                                                       ; On                 ; On                 ;
; Perform WYSIWYG Primitive Resynthesis                                      ; Off                ; Off                ;
; Auto ROM Replacement                                                       ; On                 ; On                 ;
; Auto RAM Replacement                                                       ; On                 ; On                 ;
; Auto DSP Block Replacement                                                 ; On                 ; On                 ;
; Auto Shift Register Replacement                                            ; Auto               ; Auto               ;
; Allow Shift Register Merging across Hierarchies                            ; Auto               ; Auto               ;
; Auto Clock Enable Replacement                                              ; On                 ; On                 ;
; Strict RAM Replacement                                                     ; Off                ; Off                ;
; Allow Synchronous Control Signals                                          ; On                 ; On                 ;
; Force Use of Synchronous Clear Signals                                     ; Off                ; Off                ;
; Auto RAM Block Balancing                                                   ; On                 ; On                 ;
; Auto RAM to Logic Cell Conversion                                          ; Off                ; Off                ;
; Auto Resource Sharing                                                      ; Off                ; Off                ;
; Allow Any RAM Size For Recognition                                         ; Off                ; Off                ;
; Allow Any ROM Size For Recognition                                         ; Off                ; Off                ;
; Allow Any Shift Register Size For Recognition                              ; Off                ; Off                ;
; Use LogicLock Constraints during Resource Balancing                        ; On                 ; On                 ;
; Ignore translate_off and synthesis_off directives                          ; Off                ; Off                ;
; Timing-Driven Synthesis                                                    ; On                 ; On                 ;
; Report Parameter Settings                                                  ; On                 ; On                 ;
; Report Source Assignments                                                  ; On                 ; On                 ;
; Report Connectivity Checks                                                 ; On                 ; On                 ;
; Ignore Maximum Fan-Out Assignments                                         ; Off                ; Off                ;
; Synchronization Register Chain Length                                      ; 2                  ; 2                  ;
; PowerPlay Power Optimization                                               ; Normal compilation ; Normal compilation ;
; HDL message level                                                          ; Level2             ; Level2             ;
; Suppress Register Optimization Related Messages                            ; Off                ; Off                ;
; Number of Removed Registers Reported in Synthesis Report                   ; 5000               ; 5000               ;
; Number of Swept Nodes Reported in Synthesis Report                         ; 5000               ; 5000               ;
; Number of Inverted Registers Reported in Synthesis Report                  ; 100                ; 100                ;
; Clock MUX Protection                                                       ; On                 ; On                 ;
; Auto Gated Clock Conversion                                                ; Off                ; Off                ;
; Block Design Naming                                                        ; Auto               ; Auto               ;
; SDC constraint protection                                                  ; Off                ; Off                ;
; Synthesis Effort                                                           ; Auto               ; Auto               ;
; Shift Register Replacement - Allow Asynchronous Clear Signal               ; On                 ; On                 ;
; Pre-Mapping Resynthesis Optimization                                       ; Off                ; Off                ;
; Analysis & Synthesis Message Level                                         ; Medium             ; Medium             ;
; Disable Register Merging Across Hierarchies                                ; Auto               ; Auto               ;
; Resource Aware Inference For Block RAM                                     ; On                 ; On                 ;
; Synthesis Seed                                                             ; 1                  ; 1                  ;
+----------------------------------------------------------------------------+--------------------+--------------------+


Parallel compilation was disabled, but you have multiple processors available. Enable parallel compilation to reduce compilation time.
+-------------------------------------+
; Parallel Compilation                ;
+----------------------------+--------+
; Processors                 ; Number ;
+----------------------------+--------+
; Number detected on machine ; 4      ;
; Maximum allowed            ; 1      ;
+----------------------------+--------+


+-------------------------------------------------------------------------------------------------------------------------------------------------------------------------+
; Analysis & Synthesis Source Files Read                                                                                                                                  ;
+----------------------------------+-----------------+------------------------------+---------------------------------------------------------------------------+---------+
; File Name with User-Entered Path ; Used in Netlist ; File Type                    ; File Name with Absolute Path                                              ; Library ;
+----------------------------------+-----------------+------------------------------+---------------------------------------------------------------------------+---------+
; DSS.vhd                          ; yes             ; User VHDL File               ; C:/MWT2/DSS/DSS.vhd                                                       ;         ;
; lpm_add_sub.tdf                  ; yes             ; Megafunction                 ; c:/altera/13.0sp1/quartus/libraries/megafunctions/lpm_add_sub.tdf         ;         ;
; addcore.inc                      ; yes             ; Megafunction                 ; c:/altera/13.0sp1/quartus/libraries/megafunctions/addcore.inc             ;         ;
; look_add.inc                     ; yes             ; Megafunction                 ; c:/altera/13.0sp1/quartus/libraries/megafunctions/look_add.inc            ;         ;
; bypassff.inc                     ; yes             ; Megafunction                 ; c:/altera/13.0sp1/quartus/libraries/megafunctions/bypassff.inc            ;         ;
; altshift.inc                     ; yes             ; Megafunction                 ; c:/altera/13.0sp1/quartus/libraries/megafunctions/altshift.inc            ;         ;
; alt_stratix_add_sub.inc          ; yes             ; Megafunction                 ; c:/altera/13.0sp1/quartus/libraries/megafunctions/alt_stratix_add_sub.inc ;         ;
; aglobal130.inc                   ; yes             ; Megafunction                 ; c:/altera/13.0sp1/quartus/libraries/megafunctions/aglobal130.inc          ;         ;
; db/add_sub_kge.tdf               ; yes             ; Auto-Generated Megafunction  ; C:/MWT2/DSS/db/add_sub_kge.tdf                                            ;         ;
; lpm_ff.tdf                       ; yes             ; Megafunction                 ; c:/altera/13.0sp1/quartus/libraries/megafunctions/lpm_ff.tdf              ;         ;
; lpm_constant.inc                 ; yes             ; Megafunction                 ; c:/altera/13.0sp1/quartus/libraries/megafunctions/lpm_constant.inc        ;         ;
; lpm_rom.tdf                      ; yes             ; Megafunction                 ; c:/altera/13.0sp1/quartus/libraries/megafunctions/lpm_rom.tdf             ;         ;
; altrom.inc                       ; yes             ; Megafunction                 ; c:/altera/13.0sp1/quartus/libraries/megafunctions/altrom.inc              ;         ;
; altrom.tdf                       ; yes             ; Megafunction                 ; c:/altera/13.0sp1/quartus/libraries/megafunctions/altrom.tdf              ;         ;
; memmodes.inc                     ; yes             ; Megafunction                 ; c:/altera/13.0sp1/quartus/libraries/others/maxplus2/memmodes.inc          ;         ;
; lpm_decode.inc                   ; yes             ; Megafunction                 ; c:/altera/13.0sp1/quartus/libraries/megafunctions/lpm_decode.inc          ;         ;
; lpm_mux.inc                      ; yes             ; Megafunction                 ; c:/altera/13.0sp1/quartus/libraries/megafunctions/lpm_mux.inc             ;         ;
; altsyncram.inc                   ; yes             ; Megafunction                 ; c:/altera/13.0sp1/quartus/libraries/megafunctions/altsyncram.inc          ;         ;
; altsyncram.tdf                   ; yes             ; Megafunction                 ; c:/altera/13.0sp1/quartus/libraries/megafunctions/altsyncram.tdf          ;         ;
; stratix_ram_block.inc            ; yes             ; Megafunction                 ; c:/altera/13.0sp1/quartus/libraries/megafunctions/stratix_ram_block.inc   ;         ;
; a_rdenreg.inc                    ; yes             ; Megafunction                 ; c:/altera/13.0sp1/quartus/libraries/megafunctions/a_rdenreg.inc           ;         ;
; altram.inc                       ; yes             ; Megafunction                 ; c:/altera/13.0sp1/quartus/libraries/megafunctions/altram.inc              ;         ;
; altdpram.inc                     ; yes             ; Megafunction                 ; c:/altera/13.0sp1/quartus/libraries/megafunctions/altdpram.inc            ;         ;
; db/altsyncram_2b01.tdf           ; yes             ; Auto-Generated Megafunction  ; C:/MWT2/DSS/db/altsyncram_2b01.tdf                                        ;         ;
+----------------------------------+-----------------+------------------------------+---------------------------------------------------------------------------+---------+


+-----------------------------------------------------------+
; Analysis & Synthesis Resource Usage Summary               ;
+---------------------------------------------+-------------+
; Resource                                    ; Usage       ;
+---------------------------------------------+-------------+
; Estimated Total logic elements              ; 5           ;
;                                             ;             ;
; Total combinational functions               ; 5           ;
; Logic element usage by number of LUT inputs ;             ;
;     -- 4 input functions                    ; 0           ;
;     -- 3 input functions                    ; 4           ;
;     -- <=2 input functions                  ; 1           ;
;                                             ;             ;
; Logic elements by mode                      ;             ;
;     -- normal mode                          ; 1           ;
;     -- arithmetic mode                      ; 4           ;
;                                             ;             ;
; Total registers                             ; 5           ;
;     -- Dedicated logic registers            ; 5           ;
;     -- I/O registers                        ; 0           ;
;                                             ;             ;
; I/O pins                                    ; 19          ;
; Total memory bits                           ; 256         ;
; Embedded Multiplier 9-bit elements          ; 0           ;
; Maximum fan-out node                        ; clkin~input ;
; Maximum fan-out                             ; 13          ;
; Total fan-out                               ; 104         ;
; Average fan-out                             ; 1.86        ;
+---------------------------------------------+-------------+


+--------------------------------------------------------------------------------------------------------------------------------------------------------------------------------------------------------------------------------------------------------------+
; Analysis & Synthesis Resource Utilization by Entity                                                                                                                                                                                                          ;
+----------------------------------------------+-------------------+--------------+-------------+--------------+---------+-----------+------+--------------+------------------------------------------------------------------------------------+--------------+
; Compilation Hierarchy Node                   ; LC Combinationals ; LC Registers ; Memory Bits ; DSP Elements ; DSP 9x9 ; DSP 18x18 ; Pins ; Virtual Pins ; Full Hierarchy Name                                                                ; Library Name ;
+----------------------------------------------+-------------------+--------------+-------------+--------------+---------+-----------+------+--------------+------------------------------------------------------------------------------------+--------------+
; |DSS                                         ; 5 (0)             ; 5 (0)        ; 256         ; 0            ; 0       ; 0         ; 19   ; 0            ; |DSS                                                                               ; work         ;
;    |lpm_ff:myFF|                             ; 5 (5)             ; 5 (5)        ; 0           ; 0            ; 0       ; 0         ; 0    ; 0            ; |DSS|lpm_ff:myFF                                                                   ; work         ;
;    |lpm_rom:MyROM|                           ; 0 (0)             ; 0 (0)        ; 256         ; 0            ; 0       ; 0         ; 0    ; 0            ; |DSS|lpm_rom:MyROM                                                                 ; work         ;
;       |altrom:srom|                          ; 0 (0)             ; 0 (0)        ; 256         ; 0            ; 0       ; 0         ; 0    ; 0            ; |DSS|lpm_rom:MyROM|altrom:srom                                                     ; work         ;
;          |altsyncram:rom_block|              ; 0 (0)             ; 0 (0)        ; 256         ; 0            ; 0       ; 0         ; 0    ; 0            ; |DSS|lpm_rom:MyROM|altrom:srom|altsyncram:rom_block                                ; work         ;
;             |altsyncram_2b01:auto_generated| ; 0 (0)             ; 0 (0)        ; 256         ; 0            ; 0       ; 0         ; 0    ; 0            ; |DSS|lpm_rom:MyROM|altrom:srom|altsyncram:rom_block|altsyncram_2b01:auto_generated ; work         ;
+----------------------------------------------+-------------------+--------------+-------------+--------------+---------+-----------+------+--------------+------------------------------------------------------------------------------------+--------------+
Note: For table entries with two numbers listed, the numbers in parentheses indicate the number of resources of the given type used by the specific entity alone. The numbers listed outside of parentheses indicate the total resources of the given type used by the specific entity and all of its sub-entities in the hierarchy.


+------------------------------------------------------------------------------------------------------------------------------------------------------------------------------------------+
; Analysis & Synthesis RAM Summary                                                                                                                                                         ;
+------------------------------------------------------------------------------------------+------+------+--------------+--------------+--------------+--------------+------+--------------+
; Name                                                                                     ; Type ; Mode ; Port A Depth ; Port A Width ; Port B Depth ; Port B Width ; Size ; MIF          ;
+------------------------------------------------------------------------------------------+------+------+--------------+--------------+--------------+--------------+------+--------------+
; lpm_rom:MyROM|altrom:srom|altsyncram:rom_block|altsyncram_2b01:auto_generated|ALTSYNCRAM ; AUTO ; ROM  ; 32           ; 8            ; --           ; --           ; 256  ; coswavesoted ;
+------------------------------------------------------------------------------------------+------+------+--------------+--------------+--------------+--------------+------+--------------+


+------------------------------------------------------+
; General Register Statistics                          ;
+----------------------------------------------+-------+
; Statistic                                    ; Value ;
+----------------------------------------------+-------+
; Total registers                              ; 5     ;
; Number of registers using Synchronous Clear  ; 0     ;
; Number of registers using Synchronous Load   ; 0     ;
; Number of registers using Asynchronous Clear ; 0     ;
; Number of registers using Asynchronous Load  ; 0     ;
; Number of registers using Clock Enable       ; 0     ;
; Number of registers using Preset             ; 0     ;
+----------------------------------------------+-------+


+------------------------------------------------------------------------------------------------------+
; Source assignments for LPM_ROM:MyROM|altrom:srom|altsyncram:rom_block|altsyncram_2b01:auto_generated ;
+---------------------------------+--------------------+------+----------------------------------------+
; Assignment                      ; Value              ; From ; To                                     ;
+---------------------------------+--------------------+------+----------------------------------------+
; OPTIMIZE_POWER_DURING_SYNTHESIS ; NORMAL_COMPILATION ; -    ; -                                      ;
+---------------------------------+--------------------+------+----------------------------------------+


+----------------------------------------------------------------+
; Parameter Settings for User Entity Instance: LPM_ADD_SUB:myADD ;
+------------------------+-------------+-------------------------+
; Parameter Name         ; Value       ; Type                    ;
+------------------------+-------------+-------------------------+
; LPM_WIDTH              ; 5           ; Signed Integer          ;
; LPM_REPRESENTATION     ; SIGNED      ; Untyped                 ;
; LPM_DIRECTION          ; DEFAULT     ; Untyped                 ;
; ONE_INPUT_IS_CONSTANT  ; NO          ; Untyped                 ;
; LPM_PIPELINE           ; 0           ; Signed Integer          ;
; MAXIMIZE_SPEED         ; 5           ; Untyped                 ;
; REGISTERED_AT_END      ; 0           ; Untyped                 ;
; OPTIMIZE_FOR_SPEED     ; 5           ; Untyped                 ;
; USE_CS_BUFFERS         ; 1           ; Untyped                 ;
; CARRY_CHAIN            ; MANUAL      ; Untyped                 ;
; CARRY_CHAIN_LENGTH     ; 48          ; CARRY_CHAIN_LENGTH      ;
; DEVICE_FAMILY          ; Cyclone III ; Untyped                 ;
; USE_WYS                ; OFF         ; Untyped                 ;
; STYLE                  ; FAST        ; Untyped                 ;
; CBXI_PARAMETER         ; add_sub_kge ; Untyped                 ;
; AUTO_CARRY_CHAINS      ; ON          ; AUTO_CARRY              ;
; IGNORE_CARRY_BUFFERS   ; OFF         ; IGNORE_CARRY            ;
; AUTO_CASCADE_CHAINS    ; ON          ; AUTO_CASCADE            ;
; IGNORE_CASCADE_BUFFERS ; OFF         ; IGNORE_CASCADE          ;
+------------------------+-------------+-------------------------+
Note: In order to hide this table in the UI and the text report file, please set the "Show Parameter Settings in Synthesis Report" option in "Analysis and Synthesis Settings -> More Settings" to "Off".


+----------------------------------------------------------+
; Parameter Settings for User Entity Instance: LPM_FF:myFF ;
+------------------------+-------------+-------------------+
; Parameter Name         ; Value       ; Type              ;
+------------------------+-------------+-------------------+
; LPM_WIDTH              ; 5           ; Signed Integer    ;
; LPM_AVALUE             ; UNUSED      ; Untyped           ;
; LPM_SVALUE             ; UNUSED      ; Untyped           ;
; LPM_FFTYPE             ; DFF         ; Untyped           ;
; DEVICE_FAMILY          ; Cyclone III ; Untyped           ;
; CBXI_PARAMETER         ; NOTHING     ; Untyped           ;
; AUTO_CARRY_CHAINS      ; ON          ; AUTO_CARRY        ;
; IGNORE_CARRY_BUFFERS   ; OFF         ; IGNORE_CARRY      ;
; AUTO_CASCADE_CHAINS    ; ON          ; AUTO_CASCADE      ;
; IGNORE_CASCADE_BUFFERS ; OFF         ; IGNORE_CASCADE    ;
+------------------------+-------------+-------------------+
Note: In order to hide this table in the UI and the text report file, please set the "Show Parameter Settings in Synthesis Report" option in "Analysis and Synthesis Settings -> More Settings" to "Off".


+------------------------------------------------------------+
; Parameter Settings for User Entity Instance: LPM_ROM:MyROM ;
+------------------------+--------------+--------------------+
; Parameter Name         ; Value        ; Type               ;
+------------------------+--------------+--------------------+
; LPM_WIDTH              ; 8            ; Signed Integer     ;
; LPM_WIDTHAD            ; 5            ; Signed Integer     ;
; LPM_NUMWORDS           ; 0            ; Signed Integer     ;
; LPM_ADDRESS_CONTROL    ; REGISTERED   ; Untyped            ;
; LPM_OUTDATA            ; REGISTERED   ; Untyped            ;
; LPM_FILE               ; coswavesoted ; Untyped            ;
; DEVICE_FAMILY          ; Cyclone III  ; Untyped            ;
; AUTO_CARRY_CHAINS      ; ON           ; AUTO_CARRY         ;
; IGNORE_CARRY_BUFFERS   ; OFF          ; IGNORE_CARRY       ;
; AUTO_CASCADE_CHAINS    ; ON           ; AUTO_CASCADE       ;
; IGNORE_CASCADE_BUFFERS ; OFF          ; IGNORE_CASCADE     ;
+------------------------+--------------+--------------------+
Note: In order to hide this table in the UI and the text report file, please set the "Show Parameter Settings in Synthesis Report" option in "Analysis and Synthesis Settings -> More Settings" to "Off".


+-------------------------------+
; Elapsed Time Per Partition    ;
+----------------+--------------+
; Partition Name ; Elapsed Time ;
+----------------+--------------+
; Top            ; 00:00:00     ;
+----------------+--------------+


+-------------------------------+
; Analysis & Synthesis Messages ;
+-------------------------------+
Info: *******************************************************************
Info: Running Quartus II 64-Bit Analysis & Synthesis
    Info: Version 13.0.1 Build 232 06/12/2013 Service Pack 1 SJ Web Edition
    Info: Processing started: Thu Dec 07 11:47:41 2023
Info: Command: quartus_map --read_settings_files=on --write_settings_files=off DSS -c DSS
Warning (20028): Parallel compilation is not licensed and has been disabled
Info (12021): Found 2 design units, including 1 entities, in source file dss.vhd
    Info (12022): Found design unit 1: DSS-mycomp
    Info (12023): Found entity 1: DSS
Info (12021): Found 2 design units, including 1 entities, in source file lpmrom.vhd
    Info (12022): Found design unit 1: lpmrom-SYN
    Info (12023): Found entity 1: LPMROM
Info (12021): Found 2 design units, including 1 entities, in source file dss_tb.vhd
    Info (12022): Found design unit 1: DSS_TB-DSS_TB_arch
    Info (12023): Found entity 1: DSS_TB
Info (12127): Elaborating entity "DSS" for the top level hierarchy
Info (12128): Elaborating entity "LPM_ADD_SUB" for hierarchy "LPM_ADD_SUB:myADD"
Info (12130): Elaborated megafunction instantiation "LPM_ADD_SUB:myADD"
Info (12133): Instantiated megafunction "LPM_ADD_SUB:myADD" with the following parameter:
    Info (12134): Parameter "LPM_WIDTH" = "5"
    Info (12134): Parameter "LPM_DIRECTION" = "UNUSED"
    Info (12134): Parameter "LPM_REPRESENTATION" = "SIGNED"
    Info (12134): Parameter "LPM_PIPELINE" = "0"
    Info (12134): Parameter "LPM_TYPE" = "LPM_ADD_SUB"
    Info (12134): Parameter "LPM_HINT" = "UNUSED"
Info (12021): Found 1 design units, including 1 entities, in source file db/add_sub_kge.tdf
    Info (12023): Found entity 1: add_sub_kge
Info (12128): Elaborating entity "add_sub_kge" for hierarchy "LPM_ADD_SUB:myADD|add_sub_kge:auto_generated"
Info (12128): Elaborating entity "LPM_FF" for hierarchy "LPM_FF:myFF"
Info (12130): Elaborated megafunction instantiation "LPM_FF:myFF"
Info (12133): Instantiated megafunction "LPM_FF:myFF" with the following parameter:
    Info (12134): Parameter "LPM_WIDTH" = "5"
    Info (12134): Parameter "LPM_AVALUE" = "UNUSED"
    Info (12134): Parameter "LPM_SVALUE" = "UNUSED"
    Info (12134): Parameter "LPM_PVALUE" = "UNUSED"
    Info (12134): Parameter "LPM_FFTYPE" = "DFF"
    Info (12134): Parameter "LPM_TYPE" = "LPM_FF"
    Info (12134): Parameter "LPM_HINT" = "UNUSED"
Info (12128): Elaborating entity "LPM_ROM" for hierarchy "LPM_ROM:MyROM"
Info (12130): Elaborated megafunction instantiation "LPM_ROM:MyROM"
Info (12133): Instantiated megafunction "LPM_ROM:MyROM" with the following parameter:
    Info (12134): Parameter "LPM_WIDTH" = "8"
    Info (12134): Parameter "LPM_WIDTHAD" = "5"
    Info (12134): Parameter "LPM_NUMWORDS" = "0"
    Info (12134): Parameter "LPM_ADDRESS_CONTROL" = "REGISTERED"
    Info (12134): Parameter "LPM_OUTDATA" = "REGISTERED"
    Info (12134): Parameter "LPM_FILE" = "coswavesoted"
    Info (12134): Parameter "LPM_TYPE" = "LPM_ROM"
    Info (12134): Parameter "INTENDED_DEVICE_FAMILY" = "UNUSED"
    Info (12134): Parameter "LPM_HINT" = "UNUSED"
Info (12128): Elaborating entity "altrom" for hierarchy "LPM_ROM:MyROM|altrom:srom"
Info (12131): Elaborated megafunction instantiation "LPM_ROM:MyROM|altrom:srom", which is child of megafunction instantiation "LPM_ROM:MyROM"
Info (12128): Elaborating entity "altsyncram" for hierarchy "LPM_ROM:MyROM|altrom:srom|altsyncram:rom_block"
Info (12131): Elaborated megafunction instantiation "LPM_ROM:MyROM|altrom:srom|altsyncram:rom_block", which is child of megafunction instantiation "LPM_ROM:MyROM"
Info (12021): Found 1 design units, including 1 entities, in source file db/altsyncram_2b01.tdf
    Info (12023): Found entity 1: altsyncram_2b01
Info (12128): Elaborating entity "altsyncram_2b01" for hierarchy "LPM_ROM:MyROM|altrom:srom|altsyncram:rom_block|altsyncram_2b01:auto_generated"
Warning (13044): Always-enabled tri-state buffer(s) removed
    Warning (13045): Converted the fanout from the always-enabled tri-state buffer "lpm_rom:MyROM|otri[0]" to the node "dataout[0]" into a wire
    Warning (13045): Converted the fanout from the always-enabled tri-state buffer "lpm_rom:MyROM|otri[1]" to the node "dataout[1]" into a wire
    Warning (13045): Converted the fanout from the always-enabled tri-state buffer "lpm_rom:MyROM|otri[2]" to the node "dataout[2]" into a wire
    Warning (13045): Converted the fanout from the always-enabled tri-state buffer "lpm_rom:MyROM|otri[3]" to the node "dataout[3]" into a wire
    Warning (13045): Converted the fanout from the always-enabled tri-state buffer "lpm_rom:MyROM|otri[4]" to the node "dataout[4]" into a wire
    Warning (13045): Converted the fanout from the always-enabled tri-state buffer "lpm_rom:MyROM|otri[5]" to the node "dataout[5]" into a wire
    Warning (13045): Converted the fanout from the always-enabled tri-state buffer "lpm_rom:MyROM|otri[6]" to the node "dataout[6]" into a wire
    Warning (13045): Converted the fanout from the always-enabled tri-state buffer "lpm_rom:MyROM|otri[7]" to the node "dataout[7]" into a wire
Info (16010): Generating hard_block partition "hard_block:auto_generated_inst"
    Info (16011): Adding 0 node(s), including 0 DDIO, 0 PLL, 0 transceiver and 0 LCELL
Info (21057): Implemented 32 device resources after synthesis - the final resource count might be different
    Info (21058): Implemented 6 input pins
    Info (21059): Implemented 13 output pins
    Info (21061): Implemented 5 logic cells
    Info (21064): Implemented 8 RAM segments
Info: Quartus II 64-Bit Analysis & Synthesis was successful. 0 errors, 10 warnings
    Info: Peak virtual memory: 4631 megabytes
    Info: Processing ended: Thu Dec 07 11:47:48 2023
    Info: Elapsed time: 00:00:07
    Info: Total CPU time (on all processors): 00:00:04


