Flow report for DSS
Wed Oct 30 02:14:16 2024
Quartus II 64-Bit Version 13.1.0 Build 162 10/23/2013 SJ Web Edition


---------------------
; Table of Contents ;
---------------------
  1. Legal Notice
  2. Flow Summary
  3. Flow Settings
  4. Flow Non-Default Global Settings
  5. Flow Elapsed Time
  6. Flow OS Summary
  7. Flow Log
  8. Flow Messages
  9. Flow Suppressed Messages



----------------
; Legal Notice ;
----------------
Copyright (C) 1991-2013 Altera Corporation
Your use of Altera Corporation's design tools, logic functions 
and other software and tools, and its AMPP partner logic 
functions, and any output files from any of the foregoing 
(including device programming or simulation files), and any 
associated documentation or information are expressly subject 
to the terms and conditions of the Altera Program License 
Subscription Agreement, Altera MegaCore Function License 
Agreement, or other applicable license agreement, including, 
without limitation, that your use is for the sole purpose of 
programming logic devices manufactured by Altera and sold by 
Altera or its authorized distributors.  Please refer to the 
applicable agreement for further details.



+---------------------------------------------------------------------------------+
; Flow Summary                                                                    ;
+------------------------------------+--------------------------------------------+
; Flow Status                        ; Successful - Wed Oct 30 02:14:16 2024      ;
; Quartus II 64-Bit Version          ; 13.1.0 Build 162 10/23/2013 SJ Web Edition ;
; Revision Name                      ; DSS                                        ;
; Top-level Entity Name              ; DSS                                        ;
; Family                             ; Cyclone III                                ;
; Total logic elements               ; 16 / 5,136 ( < 1 % )                       ;
;     Total combinational functions  ; 13 / 5,136 ( < 1 % )                       ;
;     Dedicated logic registers      ; 8 / 5,136 ( < 1 % )                        ;
; Total registers                    ; 8                                          ;
; Total pins                         ; 15 / 183 ( 8 % )                           ;
; Total virtual pins                 ; 0                                          ;
; Total memory bits                  ; 256 / 423,936 ( < 1 % )                    ;
; Embedded Multiplier 9-bit elements ; 0 / 46 ( 0 % )                             ;
; Total PLLs                         ; 0 / 2 ( 0 % )                              ;
; Device                             ; EP3C5F256C6                                ;
; Timing Models                      ; Final                                      ;
+------------------------------------+--------------------------------------------+


+-----------------------------------------+
; Flow Settings                           ;
+-------------------+---------------------+
; Option            ; Setting             ;
+-------------------+---------------------+
; Start date & time ; 10/30/2024 02:13:56 ;
; Main task         ; Compilation         ;
; Revision Name     ; DSS                 ;
+-------------------+---------------------+


+---------------------------------------------------------------------------------------------------------------------------------------------------------------------------------+
; Flow Non-Default Global Settings                                                                                                                                                ;
+--------------------------------------+-----------------------------------------------------------------------------+-----------------------------+-------------+----------------+
; Assignment Name                      ; Value                                                                       ; Default Value               ; Entity Name ; Section Id     ;
+--------------------------------------+-----------------------------------------------------------------------------+-----------------------------+-------------+----------------+
; COMPILER_SIGNATURE_ID                ; 88491852537674.173025443603224                                              ; --                          ; --          ; --             ;
; EDA_DESIGN_INSTANCE_NAME             ; NA                                                                          ; --                          ; --          ; DSS_tb         ;
; EDA_GENERATE_FUNCTIONAL_NETLIST      ; On                                                                          ; --                          ; --          ; eda_simulation ;
; EDA_NATIVELINK_SIMULATION_TEST_BENCH ; DSS_tb                                                                      ; --                          ; --          ; eda_simulation ;
; EDA_NETLIST_WRITER_OUTPUT_DIR        ; C:/Users/lanzb/Documents/Github/Direct-digtal-synthesizer-/simulation/qsim/ ; --                          ; --          ; eda_simulation ;
; EDA_OUTPUT_DATA_FORMAT               ; Verilog Hdl                                                                 ; --                          ; --          ; eda_simulation ;
; EDA_SIMULATION_TOOL                  ; ModelSim-Altera (Verilog)                                                   ; Questa Intel FPGA (Verilog) ; --          ; --             ;
; EDA_TEST_BENCH_ENABLE_STATUS         ; TEST_BENCH_MODE                                                             ; --                          ; --          ; eda_simulation ;
; EDA_TEST_BENCH_FILE                  ; simulation/modelsim/DSS_TB.vhd                                              ; --                          ; --          ; DSS_tb         ;
; EDA_TEST_BENCH_MODULE_NAME           ; DSS_tb                                                                      ; --                          ; --          ; DSS_tb         ;
; EDA_TEST_BENCH_NAME                  ; DSS_tb                                                                      ; --                          ; --          ; eda_simulation ;
; EDA_TIME_SCALE                       ; 1 ps                                                                        ; --                          ; --          ; eda_simulation ;
; IP_TOOL_NAME                         ; ROM: 1-PORT                                                                 ; --                          ; --          ; --             ;
; IP_TOOL_VERSION                      ; 13.0                                                                        ; --                          ; --          ; --             ;
; MISC_FILE                            ; LPMROM.cmp                                                                  ; --                          ; --          ; --             ;
; PARTITION_COLOR                      ; 16764057                                                                    ; --                          ; --          ; Top            ;
; PARTITION_FITTER_PRESERVATION_LEVEL  ; PLACEMENT_AND_ROUTING                                                       ; --                          ; --          ; Top            ;
; PARTITION_NETLIST_TYPE               ; SOURCE                                                                      ; --                          ; --          ; Top            ;
; PROJECT_OUTPUT_DIRECTORY             ; output_files                                                                ; --                          ; --          ; --             ;
+--------------------------------------+-----------------------------------------------------------------------------+-----------------------------+-------------+----------------+


+-------------------------------------------------------------------------------------------------------------------------------+
; Flow Elapsed Time                                                                                                             ;
+---------------------------+--------------+-------------------------+---------------------+------------------------------------+
; Module Name               ; Elapsed Time ; Average Processors Used ; Peak Virtual Memory ; Total CPU Time (on all processors) ;
+---------------------------+--------------+-------------------------+---------------------+------------------------------------+
; Analysis & Synthesis      ; 00:00:02     ; 1.0                     ; 4672 MB             ; 00:00:02                           ;
; Fitter                    ; 00:00:06     ; 1.0                     ; 5144 MB             ; 00:00:07                           ;
; Assembler                 ; 00:00:01     ; 1.0                     ; 4577 MB             ; 00:00:01                           ;
; TimeQuest Timing Analyzer ; 00:00:02     ; 1.0                     ; 4656 MB             ; 00:00:02                           ;
; EDA Netlist Writer        ; 00:00:00     ; 1.0                     ; 4547 MB             ; 00:00:01                           ;
; Total                     ; 00:00:11     ; --                      ; --                  ; 00:00:13                           ;
+---------------------------+--------------+-------------------------+---------------------+------------------------------------+


+----------------------------------------------------------------------------------------+
; Flow OS Summary                                                                        ;
+---------------------------+------------------+-----------+------------+----------------+
; Module Name               ; Machine Hostname ; OS Name   ; OS Version ; Processor type ;
+---------------------------+------------------+-----------+------------+----------------+
; Analysis & Synthesis      ; DESKTOP-TEH2NDS  ; Windows 7 ; 6.2        ; x86_64         ;
; Fitter                    ; DESKTOP-TEH2NDS  ; Windows 7 ; 6.2        ; x86_64         ;
; Assembler                 ; DESKTOP-TEH2NDS  ; Windows 7 ; 6.2        ; x86_64         ;
; TimeQuest Timing Analyzer ; DESKTOP-TEH2NDS  ; Windows 7 ; 6.2        ; x86_64         ;
; EDA Netlist Writer        ; DESKTOP-TEH2NDS  ; Windows 7 ; 6.2        ; x86_64         ;
+---------------------------+------------------+-----------+------------+----------------+


------------
; Flow Log ;
------------
quartus_map --read_settings_files=on --write_settings_files=off DSS -c DSS
quartus_fit --read_settings_files=off --write_settings_files=off DSS -c DSS
quartus_asm --read_settings_files=off --write_settings_files=off DSS -c DSS
quartus_sta DSS -c DSS
quartus_eda --read_settings_files=off --write_settings_files=off DSS -c DSS



